app/build/intermediates/manifest_merge_blame_file/debug/manifest-merger-blame-debug-report.txt
1<?xml version="1.0" encoding="utf-8"?>
2<manifest xmlns:android="http://schemas.android.com/apk/res/android"
3    package="com.assesment.mlkit.vision.demo"
4    android:installLocation="auto"
5    android:versionCode="11"
6    android:versionName="1.11" >
7    <!--
8 CameraX libraries require minSdkVersion 21, while this quickstart app
9    supports low to 19. Needs to use overrideLibrary to make the merger tool
10    ignore this conflict and import the libraries while keeping the app's lower
11    minSdkVersion value. In code, will check SDK version, before calling CameraX
12    APIs.
13    -->
14    <uses-sdk
14-->src/main/AndroidManifest.xml:12:5-15:63
15        android:minSdkVersion="19"
15-->src/main/AndroidManifest.xml:12:5-15:63
16        android:targetSdkVersion="31" />
16-->src/main/AndroidManifest.xml:12:5-15:63
17
18    <uses-feature android:name="android.hardware.camera" />
18-->src/main/AndroidManifest.xml:17:5-59
18-->src/main/AndroidManifest.xml:17:19-57
19
20    <uses-permission android:name="android.permission.INTERNET" />
20-->src/main/AndroidManifest.xml:19:5-66
20-->src/main/AndroidManifest.xml:19:22-64
21    <uses-permission android:name="android.permission.WRITE_EXTERNAL_STORAGE" />
21-->src/main/AndroidManifest.xml:20:5-80
21-->src/main/AndroidManifest.xml:20:22-78
22    <uses-permission android:name="android.permission.READ_EXTERNAL_STORAGE" />
22-->src/main/AndroidManifest.xml:21:5-79
22-->src/main/AndroidManifest.xml:21:22-77
23    <uses-permission android:name="android.permission.CAMERA" />
23-->src/main/AndroidManifest.xml:22:5-64
23-->src/main/AndroidManifest.xml:22:22-62
24
25    <queries>
25-->src/main/AndroidManifest.xml:76:5-80:15
26        <intent>
26-->src/main/AndroidManifest.xml:77:9-79:18
27            <action android:name="android.media.action.IMAGE_CAPTURE" />
27-->src/main/AndroidManifest.xml:78:13-73
27-->src/main/AndroidManifest.xml:78:21-70
28        </intent>
29    </queries>
30
31    <!-- For remote config -->
32    <uses-permission android:name="android.permission.ACCESS_NETWORK_STATE" />
32-->[com.google.mlkit:pose-detection-common:18.0.0-beta2] AndroidManifest.xml:7:5-79
32-->[com.google.mlkit:pose-detection-common:18.0.0-beta2] AndroidManifest.xml:7:22-76
33    <uses-permission android:name="android.permission.WAKE_LOCK" />
33-->[androidx.work:work-runtime:2.7.0] AndroidManifest.xml:25:5-68
33-->[androidx.work:work-runtime:2.7.0] AndroidManifest.xml:25:22-65
34    <uses-permission android:name="android.permission.RECEIVE_BOOT_COMPLETED" />
34-->[androidx.work:work-runtime:2.7.0] AndroidManifest.xml:27:5-81
34-->[androidx.work:work-runtime:2.7.0] AndroidManifest.xml:27:22-78
35    <uses-permission android:name="android.permission.FOREGROUND_SERVICE" />
35-->[androidx.work:work-runtime:2.7.0] AndroidManifest.xml:28:5-77
35-->[androidx.work:work-runtime:2.7.0] AndroidManifest.xml:28:22-74
36
37    <application
37-->src/main/AndroidManifest.xml:24:5-75:19
38        android:name="androidx.multidex.MultiDexApplication"
38-->src/main/AndroidManifest.xml:25:9-61
39        android:appComponentFactory="androidx.core.app.CoreComponentFactory"
39-->[androidx.core:core:1.6.0] AndroidManifest.xml:24:18-86
40        android:debuggable="true"
41        android:icon="@drawable/logo_mlkit"
41-->src/main/AndroidManifest.xml:26:9-44
42        android:label="@string/app_name"
42-->src/main/AndroidManifest.xml:27:9-41
43        android:testOnly="true"
44        android:theme="@style/Theme.AppCompat" >
44-->src/main/AndroidManifest.xml:28:9-47
45        <meta-data
45-->src/main/AndroidManifest.xml:30:9-32:68
46            android:name="com.google.android.gms.version"
46-->src/main/AndroidManifest.xml:31:13-58
47            android:value="@integer/google_play_services_version" />
47-->src/main/AndroidManifest.xml:32:13-66
48
49        <!--
50          Optional: Add it to automatically download ML model to device after
51          your app is installed.
52        -->
53        <meta-data
53-->src/main/AndroidManifest.xml:36:9-38:62
54            android:name="com.google.mlkit.vision.DEPENDENCIES"
54-->src/main/AndroidManifest.xml:37:13-64
55            android:value="barcode,face,ocr,ica,custom_ica" />
55-->src/main/AndroidManifest.xml:38:13-60
56
57        <activity
57-->src/main/AndroidManifest.xml:40:9-48:20
58            android:name="com.assesment.mlkit.vision.demo.EntryChoiceActivity"
58-->src/main/AndroidManifest.xml:41:13-79
59            android:exported="true"
59-->src/main/AndroidManifest.xml:42:13-36
60            android:theme="@style/AppTheme" >
60-->src/main/AndroidManifest.xml:43:13-44
61            <intent-filter>
61-->src/main/AndroidManifest.xml:44:13-47:29
62                <action android:name="android.intent.action.MAIN" />
62-->src/main/AndroidManifest.xml:45:17-68
62-->src/main/AndroidManifest.xml:45:25-66
63
64                <category android:name="android.intent.category.LAUNCHER" />
64-->src/main/AndroidManifest.xml:46:17-76
64-->src/main/AndroidManifest.xml:46:27-74
65            </intent-filter>
66        </activity>
67        <activity
67-->src/main/AndroidManifest.xml:52:9-55:20
68            android:name="com.assesment.mlkit.vision.demo.kotlin.ChooserActivity"
68-->src/main/AndroidManifest.xml:53:13-82
69            android:exported="false" >
69-->src/main/AndroidManifest.xml:54:13-37
70        </activity>
71        <activity
71-->src/main/AndroidManifest.xml:57:9-61:20
72            android:name="com.assesment.mlkit.vision.demo.kotlin.LivePreviewActivity"
72-->src/main/AndroidManifest.xml:58:13-86
73            android:exported="false"
73-->src/main/AndroidManifest.xml:59:13-37
74            android:theme="@style/AppTheme" >
74-->src/main/AndroidManifest.xml:60:13-44
75        </activity>
76        <activity
76-->src/main/AndroidManifest.xml:63:9-67:20
77            android:name="com.assesment.mlkit.vision.demo.kotlin.CameraXLivePreviewActivity"
77-->src/main/AndroidManifest.xml:64:13-93
78            android:exported="false"
78-->src/main/AndroidManifest.xml:65:13-37
79            android:theme="@style/AppTheme" >
79-->src/main/AndroidManifest.xml:66:13-44
80        </activity>
81        <activity
81-->src/main/AndroidManifest.xml:71:9-73:39
82            android:name="com.assesment.mlkit.vision.demo.preference.SettingsActivity"
82-->src/main/AndroidManifest.xml:72:13-87
83            android:exported="false" />
83-->src/main/AndroidManifest.xml:73:13-37
84
85        <!--
86             Required for ML Kit Pose Detection GPU acceleration. Applications that target Android
87             S+ require explicit declaration of any referenced vendor-provided libraries.
88        -->
89        <uses-native-library
89-->[com.google.mlkit:pose-detection-common:18.0.0-beta2] AndroidManifest.xml:16:9-18:40
90            android:name="libOpenCL.so"
90-->[com.google.mlkit:pose-detection-common:18.0.0-beta2] AndroidManifest.xml:17:13-40
91            android:required="false" />
91-->[com.google.mlkit:pose-detection-common:18.0.0-beta2] AndroidManifest.xml:18:13-37
92        <uses-native-library
92-->[com.google.mlkit:pose-detection-common:18.0.0-beta2] AndroidManifest.xml:16:9-18:40
93            android:name="libOpenCL-car.so"
93-->[com.google.mlkit:pose-detection-common:18.0.0-beta2] AndroidManifest.xml:17:13-40
94            android:required="false" />
94-->[com.google.mlkit:pose-detection-common:18.0.0-beta2] AndroidManifest.xml:18:13-37
95        <uses-native-library
95-->[com.google.mlkit:pose-detection-common:18.0.0-beta2] AndroidManifest.xml:16:9-18:40
96            android:name="libOpenCL-pixel.so"
96-->[com.google.mlkit:pose-detection-common:18.0.0-beta2] AndroidManifest.xml:17:13-40
97            android:required="false" />
97-->[com.google.mlkit:pose-detection-common:18.0.0-beta2] AndroidManifest.xml:18:13-37
98
99        <service
99-->[com.google.mlkit:pose-detection-common:18.0.0-beta2] AndroidManifest.xml:26:9-32:19
100            android:name="com.google.mlkit.common.internal.MlKitComponentDiscoveryService"
100-->[com.google.mlkit:pose-detection-common:18.0.0-beta2] AndroidManifest.xml:27:13-91
101            android:directBootAware="true"
101-->[com.google.mlkit:common:18.2.0] AndroidManifest.xml:17:13-43
102            android:exported="false" >
102-->[com.google.mlkit:pose-detection-common:18.0.0-beta2] AndroidManifest.xml:28:13-37
103            <meta-data
103-->[com.google.mlkit:pose-detection-common:18.0.0-beta2] AndroidManifest.xml:29:13-31:85
104                android:name="com.google.firebase.components:com.google.mlkit.vision.pose.internal.PoseRegistrar"
104-->[com.google.mlkit:pose-detection-common:18.0.0-beta2] AndroidManifest.xml:30:17-114
105                android:value="com.google.firebase.components.ComponentRegistrar" />
105-->[com.google.mlkit:pose-detection-common:18.0.0-beta2] AndroidManifest.xml:31:17-82
106            <meta-data
106-->[com.google.mlkit:object-detection:17.0.0] AndroidManifest.xml:14:13-16:85
107                android:name="com.google.firebase.components:com.google.mlkit.vision.objects.defaults.internal.DefaultObjectsRegistrar"
107-->[com.google.mlkit:object-detection:17.0.0] AndroidManifest.xml:15:17-136
108                android:value="com.google.firebase.components.ComponentRegistrar" />
108-->[com.google.mlkit:object-detection:17.0.0] AndroidManifest.xml:16:17-82
109            <meta-data
109-->[com.google.mlkit:object-detection-custom:17.0.0] AndroidManifest.xml:11:13-13:85
110                android:name="com.google.firebase.components:com.google.mlkit.vision.objects.custom.internal.CustomObjectsRegistrar"
110-->[com.google.mlkit:object-detection-custom:17.0.0] AndroidManifest.xml:12:17-133
111                android:value="com.google.firebase.components.ComponentRegistrar" />
111-->[com.google.mlkit:object-detection-custom:17.0.0] AndroidManifest.xml:13:17-82
112            <meta-data
112-->[com.google.mlkit:image-labeling:17.0.7] AndroidManifest.xml:11:13-13:85
113                android:name="com.google.firebase.components:com.google.mlkit.vision.label.defaults.internal.BundledLabelRegistrar"
113-->[com.google.mlkit:image-labeling:17.0.7] AndroidManifest.xml:12:17-132
114                android:value="com.google.firebase.components.ComponentRegistrar" />
114-->[com.google.mlkit:image-labeling:17.0.7] AndroidManifest.xml:13:17-82
115            <meta-data
115-->[com.google.mlkit:image-labeling-custom:17.0.1] AndroidManifest.xml:11:13-13:85
116                android:name="com.google.firebase.components:com.google.mlkit.vision.label.custom.internal.CustomLabelRegistrar"
116-->[com.google.mlkit:image-labeling-custom:17.0.1] AndroidManifest.xml:12:17-129
117                android:value="com.google.firebase.components.ComponentRegistrar" />
117-->[com.google.mlkit:image-labeling-custom:17.0.1] AndroidManifest.xml:13:17-82
118            <meta-data
118-->[com.google.mlkit:segmentation-selfie:16.0.0-beta4] AndroidManifest.xml:12:13-14:85
119                android:name="com.google.firebase.components:com.google.mlkit.vision.segmentation.internal.SegmentationRegistrar"
119-->[com.google.mlkit:segmentation-selfie:16.0.0-beta4] AndroidManifest.xml:13:17-130
120                android:value="com.google.firebase.components.ComponentRegistrar" />
120-->[com.google.mlkit:segmentation-selfie:16.0.0-beta4] AndroidManifest.xml:14:17-82
121            <meta-data
121-->[com.google.android.gms:play-services-mlkit-barcode-scanning:18.0.0] AndroidManifest.xml:12:13-14:85
122                android:name="com.google.firebase.components:com.google.mlkit.vision.barcode.internal.BarcodeRegistrar"
122-->[com.google.android.gms:play-services-mlkit-barcode-scanning:18.0.0] AndroidManifest.xml:13:17-120
123                android:value="com.google.firebase.components.ComponentRegistrar" />
123-->[com.google.android.gms:play-services-mlkit-barcode-scanning:18.0.0] AndroidManifest.xml:14:17-82
124            <meta-data
124-->[com.google.mlkit:vision-internal-vkp:18.2.2] AndroidManifest.xml:14:13-16:85
125                android:name="com.google.firebase.components:com.google.mlkit.vision.vkp.VkpRegistrar"
125-->[com.google.mlkit:vision-internal-vkp:18.2.2] AndroidManifest.xml:15:17-103
126                android:value="com.google.firebase.components.ComponentRegistrar" />
126-->[com.google.mlkit:vision-internal-vkp:18.2.2] AndroidManifest.xml:16:17-82
127            <meta-data
127-->[com.google.android.gms:play-services-mlkit-face-detection:17.0.1] AndroidManifest.xml:12:13-14:85
128                android:name="com.google.firebase.components:com.google.mlkit.vision.face.internal.FaceRegistrar"
128-->[com.google.android.gms:play-services-mlkit-face-detection:17.0.1] AndroidManifest.xml:13:17-114
129                android:value="com.google.firebase.components.ComponentRegistrar" />
129-->[com.google.android.gms:play-services-mlkit-face-detection:17.0.1] AndroidManifest.xml:14:17-82
130            <meta-data
130-->[com.google.android.gms:play-services-mlkit-text-recognition-common:17.0.0] AndroidManifest.xml:12:13-14:85
131                android:name="com.google.firebase.components:com.google.mlkit.vision.text.internal.TextRegistrar"
131-->[com.google.android.gms:play-services-mlkit-text-recognition-common:17.0.0] AndroidManifest.xml:13:17-114
132                android:value="com.google.firebase.components.ComponentRegistrar" />
132-->[com.google.android.gms:play-services-mlkit-text-recognition-common:17.0.0] AndroidManifest.xml:14:17-82
133            <meta-data
133-->[com.google.mlkit:vision-common:17.1.0] AndroidManifest.xml:12:13-14:85
134                android:name="com.google.firebase.components:com.google.mlkit.vision.common.internal.VisionCommonRegistrar"
134-->[com.google.mlkit:vision-common:17.1.0] AndroidManifest.xml:13:17-124
135                android:value="com.google.firebase.components.ComponentRegistrar" />
135-->[com.google.mlkit:vision-common:17.1.0] AndroidManifest.xml:14:17-82
136            <meta-data
136-->[com.google.mlkit:common:18.2.0] AndroidManifest.xml:20:13-22:85
137                android:name="com.google.firebase.components:com.google.mlkit.common.internal.CommonComponentRegistrar"
137-->[com.google.mlkit:common:18.2.0] AndroidManifest.xml:21:17-120
138                android:value="com.google.firebase.components.ComponentRegistrar" />
138-->[com.google.mlkit:common:18.2.0] AndroidManifest.xml:22:17-82
139        </service>
140        <service
140-->[com.google.mlkit:acceleration:16.0.0-beta1] AndroidManifest.xml:8:9-11:68
141            android:name="com.google.mlkit.acceleration.internal.MlKitRemoteWorkerService"
141-->[com.google.mlkit:acceleration:16.0.0-beta1] AndroidManifest.xml:9:13-91
142            android:exported="false"
142-->[com.google.mlkit:acceleration:16.0.0-beta1] AndroidManifest.xml:10:13-37
143            android:process=":mlkit_acceleration_mini_benchmark" />
143-->[com.google.mlkit:acceleration:16.0.0-beta1] AndroidManifest.xml:11:13-65
144        <service
144-->[androidx.work:work-multiprocess:2.7.0] AndroidManifest.xml:25:9-27:40
145            android:name="androidx.work.multiprocess.RemoteWorkManagerService"
145-->[androidx.work:work-multiprocess:2.7.0] AndroidManifest.xml:26:13-79
146            android:exported="false" />
146-->[androidx.work:work-multiprocess:2.7.0] AndroidManifest.xml:27:13-37
147
148        <provider
148-->[com.google.mlkit:common:18.2.0] AndroidManifest.xml:9:9-13:38
149            android:name="com.google.mlkit.common.internal.MlKitInitProvider"
149-->[com.google.mlkit:common:18.2.0] AndroidManifest.xml:10:13-78
150            android:authorities="com.assesment.mlkit.vision.demo.mlkitinitprovider"
150-->[com.google.mlkit:common:18.2.0] AndroidManifest.xml:11:13-69
151            android:exported="false"
151-->[com.google.mlkit:common:18.2.0] AndroidManifest.xml:12:13-37
152            android:initOrder="99" />
152-->[com.google.mlkit:common:18.2.0] AndroidManifest.xml:13:13-35
153
154        <activity
154-->[com.google.android.gms:play-services-base:18.0.1] AndroidManifest.xml:20:9-22:45
155            android:name="com.google.android.gms.common.api.GoogleApiActivity"
155-->[com.google.android.gms:play-services-base:18.0.1] AndroidManifest.xml:20:19-85
156            android:exported="false"
156-->[com.google.android.gms:play-services-base:18.0.1] AndroidManifest.xml:22:19-43
157            android:theme="@android:style/Theme.Translucent.NoTitleBar" />
157-->[com.google.android.gms:play-services-base:18.0.1] AndroidManifest.xml:21:19-78
158
159        <provider
159-->[androidx.work:work-runtime:2.7.0] AndroidManifest.xml:31:9-39:20
160            android:name="androidx.startup.InitializationProvider"
160-->[androidx.work:work-runtime:2.7.0] AndroidManifest.xml:32:13-67
161            android:authorities="com.assesment.mlkit.vision.demo.androidx-startup"
161-->[androidx.work:work-runtime:2.7.0] AndroidManifest.xml:33:13-68
162            android:exported="false" >
162-->[androidx.work:work-runtime:2.7.0] AndroidManifest.xml:34:13-37
163            <meta-data
163-->[androidx.work:work-runtime:2.7.0] AndroidManifest.xml:36:13-38:52
164                android:name="androidx.work.WorkManagerInitializer"
164-->[androidx.work:work-runtime:2.7.0] AndroidManifest.xml:37:17-68
165                android:value="androidx.startup" />
165-->[androidx.work:work-runtime:2.7.0] AndroidManifest.xml:38:17-49
166        </provider>
167
168        <service
168-->[androidx.work:work-runtime:2.7.0] AndroidManifest.xml:41:9-46:35
169            android:name="androidx.work.impl.background.systemalarm.SystemAlarmService"
169-->[androidx.work:work-runtime:2.7.0] AndroidManifest.xml:42:13-88
170            android:directBootAware="false"
170-->[androidx.work:work-runtime:2.7.0] AndroidManifest.xml:43:13-44
171            android:enabled="@bool/enable_system_alarm_service_default"
171-->[androidx.work:work-runtime:2.7.0] AndroidManifest.xml:44:13-72
172            android:exported="false" />
172-->[androidx.work:work-runtime:2.7.0] AndroidManifest.xml:45:13-37
173        <service
173-->[androidx.work:work-runtime:2.7.0] AndroidManifest.xml:47:9-53:35
174            android:name="androidx.work.impl.background.systemjob.SystemJobService"
174-->[androidx.work:work-runtime:2.7.0] AndroidManifest.xml:48:13-84
175            android:directBootAware="false"
175-->[androidx.work:work-runtime:2.7.0] AndroidManifest.xml:49:13-44
176            android:enabled="@bool/enable_system_job_service_default"
176-->[androidx.work:work-runtime:2.7.0] AndroidManifest.xml:50:13-70
177            android:exported="true"
177-->[androidx.work:work-runtime:2.7.0] AndroidManifest.xml:51:13-36
178            android:permission="android.permission.BIND_JOB_SERVICE" />
178-->[androidx.work:work-runtime:2.7.0] AndroidManifest.xml:52:13-69
179        <service
179-->[androidx.work:work-runtime:2.7.0] AndroidManifest.xml:54:9-59:35
180            android:name="androidx.work.impl.foreground.SystemForegroundService"
180-->[androidx.work:work-runtime:2.7.0] AndroidManifest.xml:55:13-81
181            android:directBootAware="false"
181-->[androidx.work:work-runtime:2.7.0] AndroidManifest.xml:56:13-44
182            android:enabled="@bool/enable_system_foreground_service_default"
182-->[androidx.work:work-runtime:2.7.0] AndroidManifest.xml:57:13-77
183            android:exported="false" />
183-->[androidx.work:work-runtime:2.7.0] AndroidManifest.xml:58:13-37
184
185        <receiver
185-->[androidx.work:work-runtime:2.7.0] AndroidManifest.xml:61:9-66:35
186            android:name="androidx.work.impl.utils.ForceStopRunnable$BroadcastReceiver"
186-->[androidx.work:work-runtime:2.7.0] AndroidManifest.xml:62:13-88
187            android:directBootAware="false"
187-->[androidx.work:work-runtime:2.7.0] AndroidManifest.xml:63:13-44
188            android:enabled="true"
188-->[androidx.work:work-runtime:2.7.0] AndroidManifest.xml:64:13-35
189            android:exported="false" />
189-->[androidx.work:work-runtime:2.7.0] AndroidManifest.xml:65:13-37
190        <receiver
190-->[androidx.work:work-runtime:2.7.0] AndroidManifest.xml:67:9-77:20
191            android:name="androidx.work.impl.background.systemalarm.ConstraintProxy$BatteryChargingProxy"
191-->[androidx.work:work-runtime:2.7.0] AndroidManifest.xml:68:13-106
192            android:directBootAware="false"
192-->[androidx.work:work-runtime:2.7.0] AndroidManifest.xml:69:13-44
193            android:enabled="false"
193-->[androidx.work:work-runtime:2.7.0] AndroidManifest.xml:70:13-36
194            android:exported="false" >
194-->[androidx.work:work-runtime:2.7.0] AndroidManifest.xml:71:13-37
195            <intent-filter>
195-->[androidx.work:work-runtime:2.7.0] AndroidManifest.xml:73:13-76:29
196                <action android:name="android.intent.action.ACTION_POWER_CONNECTED" />
196-->[androidx.work:work-runtime:2.7.0] AndroidManifest.xml:74:17-87
196-->[androidx.work:work-runtime:2.7.0] AndroidManifest.xml:74:25-84
197                <action android:name="android.intent.action.ACTION_POWER_DISCONNECTED" />
197-->[androidx.work:work-runtime:2.7.0] AndroidManifest.xml:75:17-90
197-->[androidx.work:work-runtime:2.7.0] AndroidManifest.xml:75:25-87
198            </intent-filter>
199        </receiver>
200        <receiver
200-->[androidx.work:work-runtime:2.7.0] AndroidManifest.xml:78:9-88:20
201            android:name="androidx.work.impl.background.systemalarm.ConstraintProxy$BatteryNotLowProxy"
201-->[androidx.work:work-runtime:2.7.0] AndroidManifest.xml:79:13-104
202            android:directBootAware="false"
202-->[androidx.work:work-runtime:2.7.0] AndroidManifest.xml:80:13-44
203            android:enabled="false"
203-->[androidx.work:work-runtime:2.7.0] AndroidManifest.xml:81:13-36
204            android:exported="false" >
204-->[androidx.work:work-runtime:2.7.0] AndroidManifest.xml:82:13-37
205            <intent-filter>
205-->[androidx.work:work-runtime:2.7.0] AndroidManifest.xml:84:13-87:29
206                <action android:name="android.intent.action.BATTERY_OKAY" />
206-->[androidx.work:work-runtime:2.7.0] AndroidManifest.xml:85:17-77
206-->[androidx.work:work-runtime:2.7.0] AndroidManifest.xml:85:25-74
207                <action android:name="android.intent.action.BATTERY_LOW" />
207-->[androidx.work:work-runtime:2.7.0] AndroidManifest.xml:86:17-76
207-->[androidx.work:work-runtime:2.7.0] AndroidManifest.xml:86:25-73
208            </intent-filter>
209        </receiver>
210        <receiver
210-->[androidx.work:work-runtime:2.7.0] AndroidManifest.xml:89:9-99:20
211            android:name="androidx.work.impl.background.systemalarm.ConstraintProxy$StorageNotLowProxy"
211-->[androidx.work:work-runtime:2.7.0] AndroidManifest.xml:90:13-104
212            android:directBootAware="false"
212-->[androidx.work:work-runtime:2.7.0] AndroidManifest.xml:91:13-44
213            android:enabled="false"
213-->[androidx.work:work-runtime:2.7.0] AndroidManifest.xml:92:13-36
214            android:exported="false" >
214-->[androidx.work:work-runtime:2.7.0] AndroidManifest.xml:93:13-37
215            <intent-filter>
215-->[androidx.work:work-runtime:2.7.0] AndroidManifest.xml:95:13-98:29
216                <action android:name="android.intent.action.DEVICE_STORAGE_LOW" />
216-->[androidx.work:work-runtime:2.7.0] AndroidManifest.xml:96:17-83
216-->[androidx.work:work-runtime:2.7.0] AndroidManifest.xml:96:25-80
217                <action android:name="android.intent.action.DEVICE_STORAGE_OK" />
217-->[androidx.work:work-runtime:2.7.0] AndroidManifest.xml:97:17-82
217-->[androidx.work:work-runtime:2.7.0] AndroidManifest.xml:97:25-79
218            </intent-filter>
219        </receiver>
220        <receiver
220-->[androidx.work:work-runtime:2.7.0] AndroidManifest.xml:100:9-109:20
221            android:name="androidx.work.impl.background.systemalarm.ConstraintProxy$NetworkStateProxy"
221-->[androidx.work:work-runtime:2.7.0] AndroidManifest.xml:101:13-103
222            android:directBootAware="false"
222-->[androidx.work:work-runtime:2.7.0] AndroidManifest.xml:102:13-44
223            android:enabled="false"
223-->[androidx.work:work-runtime:2.7.0] AndroidManifest.xml:103:13-36
224            android:exported="false" >
224-->[androidx.work:work-runtime:2.7.0] AndroidManifest.xml:104:13-37
225            <intent-filter>
225-->[androidx.work:work-runtime:2.7.0] AndroidManifest.xml:106:13-108:29
226                <action android:name="android.net.conn.CONNECTIVITY_CHANGE" />
226-->[androidx.work:work-runtime:2.7.0] AndroidManifest.xml:107:17-79
226-->[androidx.work:work-runtime:2.7.0] AndroidManifest.xml:107:25-76
227            </intent-filter>
228        </receiver>
229        <receiver
229-->[androidx.work:work-runtime:2.7.0] AndroidManifest.xml:110:9-121:20
230            android:name="androidx.work.impl.background.systemalarm.RescheduleReceiver"
230-->[androidx.work:work-runtime:2.7.0] AndroidManifest.xml:111:13-88
231            android:directBootAware="false"
231-->[androidx.work:work-runtime:2.7.0] AndroidManifest.xml:112:13-44
232            android:enabled="false"
232-->[androidx.work:work-runtime:2.7.0] AndroidManifest.xml:113:13-36
233            android:exported="false" >
233-->[androidx.work:work-runtime:2.7.0] AndroidManifest.xml:114:13-37
234            <intent-filter>
234-->[androidx.work:work-runtime:2.7.0] AndroidManifest.xml:116:13-120:29
235                <action android:name="android.intent.action.BOOT_COMPLETED" />
235-->[androidx.work:work-runtime:2.7.0] AndroidManifest.xml:117:17-79
235-->[androidx.work:work-runtime:2.7.0] AndroidManifest.xml:117:25-76
236                <action android:name="android.intent.action.TIME_SET" />
236-->[androidx.work:work-runtime:2.7.0] AndroidManifest.xml:118:17-73
236-->[androidx.work:work-runtime:2.7.0] AndroidManifest.xml:118:25-70
237                <action android:name="android.intent.action.TIMEZONE_CHANGED" />
237-->[androidx.work:work-runtime:2.7.0] AndroidManifest.xml:119:17-81
237-->[androidx.work:work-runtime:2.7.0] AndroidManifest.xml:119:25-78
238            </intent-filter>
239        </receiver>
240        <receiver
240-->[androidx.work:work-runtime:2.7.0] AndroidManifest.xml:122:9-131:20
241            android:name="androidx.work.impl.background.systemalarm.ConstraintProxyUpdateReceiver"
241-->[androidx.work:work-runtime:2.7.0] AndroidManifest.xml:123:13-99
242            android:directBootAware="false"
242-->[androidx.work:work-runtime:2.7.0] AndroidManifest.xml:124:13-44
243            android:enabled="@bool/enable_system_alarm_service_default"
243-->[androidx.work:work-runtime:2.7.0] AndroidManifest.xml:125:13-72
244            android:exported="false" >
244-->[androidx.work:work-runtime:2.7.0] AndroidManifest.xml:126:13-37
245            <intent-filter>
245-->[androidx.work:work-runtime:2.7.0] AndroidManifest.xml:128:13-130:29
246                <action android:name="androidx.work.impl.background.systemalarm.UpdateProxies" />
246-->[androidx.work:work-runtime:2.7.0] AndroidManifest.xml:129:17-98
246-->[androidx.work:work-runtime:2.7.0] AndroidManifest.xml:129:25-95
247            </intent-filter>
248        </receiver>
249        <receiver
249-->[androidx.work:work-runtime:2.7.0] AndroidManifest.xml:132:9-142:20
250            android:name="androidx.work.impl.diagnostics.DiagnosticsReceiver"
250-->[androidx.work:work-runtime:2.7.0] AndroidManifest.xml:133:13-78
251            android:directBootAware="false"
251-->[androidx.work:work-runtime:2.7.0] AndroidManifest.xml:134:13-44
252            android:enabled="true"
252-->[androidx.work:work-runtime:2.7.0] AndroidManifest.xml:135:13-35
253            android:exported="true"
253-->[androidx.work:work-runtime:2.7.0] AndroidManifest.xml:136:13-36
254            android:permission="android.permission.DUMP" >
254-->[androidx.work:work-runtime:2.7.0] AndroidManifest.xml:137:13-57
255            <intent-filter>
255-->[androidx.work:work-runtime:2.7.0] AndroidManifest.xml:139:13-141:29
256                <action android:name="androidx.work.diagnostics.REQUEST_DIAGNOSTICS" />
256-->[androidx.work:work-runtime:2.7.0] AndroidManifest.xml:140:17-88
256-->[androidx.work:work-runtime:2.7.0] AndroidManifest.xml:140:25-85
257            </intent-filter>
258        </receiver>
259
260        <service
260-->[com.google.android.datatransport:transport-backend-cct:2.3.3] AndroidManifest.xml:29:9-35:19
261            android:name="com.google.android.datatransport.runtime.backends.TransportBackendDiscovery"
261-->[com.google.android.datatransport:transport-backend-cct:2.3.3] AndroidManifest.xml:30:13-103
262            android:exported="false" >
262-->[com.google.android.datatransport:transport-backend-cct:2.3.3] AndroidManifest.xml:31:13-37
263            <meta-data
263-->[com.google.android.datatransport:transport-backend-cct:2.3.3] AndroidManifest.xml:32:13-34:39
264                android:name="backend:com.google.android.datatransport.cct.CctBackendFactory"
264-->[com.google.android.datatransport:transport-backend-cct:2.3.3] AndroidManifest.xml:33:17-94
265                android:value="cct" />
265-->[com.google.android.datatransport:transport-backend-cct:2.3.3] AndroidManifest.xml:34:17-36
266        </service>
267        <service
267-->[com.google.android.datatransport:transport-runtime:2.2.6] AndroidManifest.xml:26:9-30:19
268            android:name="com.google.android.datatransport.runtime.scheduling.jobscheduling.JobInfoSchedulerService"
268-->[com.google.android.datatransport:transport-runtime:2.2.6] AndroidManifest.xml:27:13-117
269            android:exported="false"
269-->[com.google.android.datatransport:transport-runtime:2.2.6] AndroidManifest.xml:28:13-37
270            android:permission="android.permission.BIND_JOB_SERVICE" >
270-->[com.google.android.datatransport:transport-runtime:2.2.6] AndroidManifest.xml:29:13-69
271        </service>
272
273        <receiver